2015-08-27 12:08:13 : ----------- Starting Prefs Migration:  Adobe Phtotoshop CC 2015  [2015\08\27 at 12:08:13] -----------
2015-08-27 12:08:13 : No Adobe Paths passed in.  Trying: C:\Program Files\Adobe\Adobe Photoshop CC 2015
2015-08-27 12:08:13 : Photoshop found at 'C:\Program Files\Adobe\Adobe Photoshop CC 2015'  Version obtained:  16.0.0.88
2015-08-27 12:08:13 : Checking Photoshop CC 2014 for prefs...
2015-08-27 12:08:14 : ---- Copy Files to C:\Users\toon.PRONTODES0046\AppData\Roaming\Adobe\Adobe Photoshop CC 2015\Adobe Photoshop CC 2015 Settings --------
[COPY] C:\Users\toon.PRONTODES0046\AppData\Roaming\Adobe\Adobe Photoshop CC 2015\Adobe Photoshop CC 2015 Settings\Adobe Photoshop CC 2015 Prefs.psp
[COPY] C:\Users\toon.PRONTODES0046\AppData\Roaming\Adobe\Adobe Photoshop CC 2015\Adobe Photoshop CC 2015 Settings\Default Type Styles.psp
[COPY] C:\Users\toon.PRONTODES0046\AppData\Roaming\Adobe\Adobe Photoshop CC 2015\Adobe Photoshop CC 2015 Settings\LaunchEndFlag.psp
[COPY] C:\Users\toon.PRONTODES0046\AppData\Roaming\Adobe\Adobe Photoshop CC 2015\Adobe Photoshop CC 2015 Settings\MachinePrefs.psp
[COPY] C:\Users\toon.PRONTODES0046\AppData\Roaming\Adobe\Adobe Photoshop CC 2015\Adobe Photoshop CC 2015 Settings\Save for Web Prefs.psp
[COPY] C:\Users\toon.PRONTODES0046\AppData\Roaming\Adobe\Adobe Photoshop CC 2015\Adobe Photoshop CC 2015 Settings\SyncCollection.psp
[COPY] C:\Users\toon.PRONTODES0046\AppData\Roaming\Adobe\Adobe Photoshop CC 2015\Adobe Photoshop CC 2015 Settings\UIPrefs.psp
[COPY] C:\Users\toon.PRONTODES0046\AppData\Roaming\Adobe\Adobe Photoshop CC 2015\Adobe Photoshop CC 2015 Settings\Workspace Prefs.psp
[COPY] C:\Users\toon.PRONTODES0046\AppData\Roaming\Adobe\Adobe Photoshop CC 2015\Adobe Photoshop CC 2015 Settings\WorkSpaces (Modified)\Essentials.psw

2015-08-27 12:08:14 : [No action required] No files found at path:  C:\Users\toon.PRONTODES0046\AppData\Roaming\Adobe\Adobe Photoshop CC 2014\Presets
2015-08-27 12:08:14 : ---- Copy Files to C:\Users\toon.PRONTODES0046\AppData\Roaming\Adobe\Adobe Photoshop CC 2015\Optimized Colors --------
[COPY] C:\Users\toon.PRONTODES0046\AppData\Roaming\Adobe\Adobe Photoshop CC 2015\Optimized Colors\Black - White.act
[COPY] C:\Users\toon.PRONTODES0046\AppData\Roaming\Adobe\Adobe Photoshop CC 2015\Optimized Colors\Grayscale.act
[COPY] C:\Users\toon.PRONTODES0046\AppData\Roaming\Adobe\Adobe Photoshop CC 2015\Optimized Colors\Mac OS.act
[COPY] C:\Users\toon.PRONTODES0046\AppData\Roaming\Adobe\Adobe Photoshop CC 2015\Optimized Colors\Windows.act

2015-08-27 12:08:14 : ---- Copy Files to C:\Users\toon.PRONTODES0046\AppData\Roaming\Adobe\Adobe Photoshop CC 2015\Optimized Output Settings --------
[COPY] C:\Users\toon.PRONTODES0046\AppData\Roaming\Adobe\Adobe Photoshop CC 2015\Optimized Output Settings\Background Image.iros
[COPY] C:\Users\toon.PRONTODES0046\AppData\Roaming\Adobe\Adobe Photoshop CC 2015\Optimized Output Settings\Default Settings.iros
[COPY] C:\Users\toon.PRONTODES0046\AppData\Roaming\Adobe\Adobe Photoshop CC 2015\Optimized Output Settings\XHTML.iros

2015-08-27 12:08:14 : ---- Copy Files to C:\Users\toon.PRONTODES0046\AppData\Roaming\Adobe\Adobe Photoshop CC 2015\Optimized Settings --------
[COPY] C:\Users\toon.PRONTODES0046\AppData\Roaming\Adobe\Adobe Photoshop CC 2015\Optimized Settings\GIF 128 Dithered.irs
[COPY] C:\Users\toon.PRONTODES0046\AppData\Roaming\Adobe\Adobe Photoshop CC 2015\Optimized Settings\GIF 128 No Dither.irs
[COPY] C:\Users\toon.PRONTODES0046\AppData\Roaming\Adobe\Adobe Photoshop CC 2015\Optimized Settings\GIF 32 Dithered.irs
[COPY] C:\Users\toon.PRONTODES0046\AppData\Roaming\Adobe\Adobe Photoshop CC 2015\Optimized Settings\GIF 32 No Dither.irs
[COPY] C:\Users\toon.PRONTODES0046\AppData\Roaming\Adobe\Adobe Photoshop CC 2015\Optimized Settings\GIF 64 Dithered.irs
[COPY] C:\Users\toon.PRONTODES0046\AppData\Roaming\Adobe\Adobe Photoshop CC 2015\Optimized Settings\GIF 64 No Dither.irs
[COPY] C:\Users\toon.PRONTODES0046\AppData\Roaming\Adobe\Adobe Photoshop CC 2015\Optimized Settings\GIF Restrictive.irs
[COPY] C:\Users\toon.PRONTODES0046\AppData\Roaming\Adobe\Adobe Photoshop CC 2015\Optimized Settings\JPEG High.irs
[COPY] C:\Users\toon.PRONTODES0046\AppData\Roaming\Adobe\Adobe Photoshop CC 2015\Optimized Settings\JPEG Low.irs
[COPY] C:\Users\toon.PRONTODES0046\AppData\Roaming\Adobe\Adobe Photoshop CC 2015\Optimized Settings\JPEG Medium.irs
[COPY] C:\Users\toon.PRONTODES0046\AppData\Roaming\Adobe\Adobe Photoshop CC 2015\Optimized Settings\PNG-24.irs
[COPY] C:\Users\toon.PRONTODES0046\AppData\Roaming\Adobe\Adobe Photoshop CC 2015\Optimized Settings\PNG-8 128 Dithered.irs

2015-08-27 12:08:14 : ------ Prefs Migration Complete:  2015\08\27 at 12:08:14 -----------
